ORDER_PLACED: HOUSE_BOT-LAKERS_Y-BUY-1773184182557
ORDER HOUSE_BOT-LAKERS_Y-BUY-1773184182557 HOUSE_BOT BUY 48 500 1773184182557
ORDER_PLACED: HOUSE_BOT-LAKERS_Y-SELL-1773184182561
ORDER HOUSE_BOT-LAKERS_Y-SELL-1773184182561 HOUSE_BOT SELL 52 500 1773184182561
ORDER_PLACED: HOUSE_BOT-LAKERS_N-BUY-1773184182562
ORDER HOUSE_BOT-LAKERS_N-BUY-1773184182562 HOUSE_BOT BUY 48 500 1773184182562
ORDER_PLACED: HOUSE_BOT-LAKERS_N-SELL-1773184182562
ORDER HOUSE_BOT-LAKERS_N-SELL-1773184182562 HOUSE_BOT SELL 52 500 1773184182562
ORDER_PLACED: HOUSE_BOT-POSTMAN_Y-BUY-1773186601361
ORDER HOUSE_BOT-POSTMAN_Y-BUY-1773186601361 HOUSE_BOT BUY 48 500 1773186601361
ORDER_PLACED: HOUSE_BOT-POSTMAN_Y-SELL-1773186601365
ORDER HOUSE_BOT-POSTMAN_Y-SELL-1773186601365 HOUSE_BOT SELL 52 500 1773186601365
ORDER_PLACED: HOUSE_BOT-POSTMAN_N-BUY-1773186601365
ORDER HOUSE_BOT-POSTMAN_N-BUY-1773186601365 HOUSE_BOT BUY 48 500 1773186601365
ORDER_PLACED: HOUSE_BOT-POSTMAN_N-SELL-1773186601365
ORDER HOUSE_BOT-POSTMAN_N-SELL-1773186601365 HOUSE_BOT SELL 52 500 1773186601365
ORDER_PLACED: 5b2de25a-ae2f-4870-a818-b8f03dd8bc1f
ORDER 5b2de25a-ae2f-4870-a818-b8f03dd8bc1f TRADER_ALICE BUY 52 200 1773186725079
TRADE 5b2de25a-ae2f-4870-a818-b8f03dd8bc1f HOUSE_BOT-POSTMAN_Y-SELL-1773186601365 52 200 1773186725080
TRADE_SETTLED: 5b2de25a-ae2f-4870-a818-b8f03dd8bc1f <-> HOUSE_BOT-POSTMAN_Y-SELL-1773186601365
ORDER_PLACED: HOUSE_BOT-POSTMAN_Y-BUY-1773186725084
ORDER HOUSE_BOT-POSTMAN_Y-BUY-1773186725084 HOUSE_BOT BUY 48 500 1773186725084
ORDER_PLACED: HOUSE_BOT-POSTMAN_Y-SELL-1773186725084
ORDER HOUSE_BOT-POSTMAN_Y-SELL-1773186725084 HOUSE_BOT SELL 52 500 1773186725084
ORDER_PLACED: HOUSE_BOT-POSTMAN_N-BUY-1773186725084
ORDER HOUSE_BOT-POSTMAN_N-BUY-1773186725084 HOUSE_BOT BUY 48 500 1773186725084
ORDER_PLACED: HOUSE_BOT-POSTMAN_N-SELL-1773186725084
ORDER HOUSE_BOT-POSTMAN_N-SELL-1773186725084 HOUSE_BOT SELL 52 500 1773186725084
ORDER_PLACED: 5da566f9-37f3-4900-a119-8fdb4eb4125b
ORDER 5da566f9-37f3-4900-a119-8fdb4eb4125b TRADER_BOB BUY 48 150 1773186910682
ORDER_PLACED: HOUSE_BOT-POSTMAN_Y-BUY-1773187204510
ORDER HOUSE_BOT-POSTMAN_Y-BUY-1773187204510 HOUSE_BOT BUY 48 500 1773187204510
ORDER_PLACED: HOUSE_BOT-POSTMAN_Y-SELL-1773187204512
ORDER HOUSE_BOT-POSTMAN_Y-SELL-1773187204512 HOUSE_BOT SELL 52 500 1773187204512
ORDER_PLACED: HOUSE_BOT-POSTMAN_N-BUY-1773187204513
ORDER HOUSE_BOT-POSTMAN_N-BUY-1773187204513 HOUSE_BOT BUY 48 500 1773187204513
ORDER_PLACED: HOUSE_BOT-POSTMAN_N-SELL-1773187204513
ORDER HOUSE_BOT-POSTMAN_N-SELL-1773187204513 HOUSE_BOT SELL 52 500 1773187204513
ORDER_PLACED: f66d9fb4-4cfc-440d-b189-d499cc7c318a
ORDER f66d9fb4-4cfc-440d-b189-d499cc7c318a HOUSE_BOT BUY 45 1000 1773375013684
ORDER_PLACED: 5f253e21-d866-419b-956b-f97bb7c389a2
ORDER 5f253e21-d866-419b-956b-f97bb7c389a2 HOUSE_BOT SELL 55 1000 1773375013693
ORDER_PLACED: 67051381-4b11-49c0-aa2c-5054c38e9be8
ORDER 67051381-4b11-49c0-aa2c-5054c38e9be8 HOUSE_BOT BUY 45 1000 1773375013693
ORDER_PLACED: 6a4b5d0c-0385-4d1f-a8e2-35d621d32161
ORDER 6a4b5d0c-0385-4d1f-a8e2-35d621d32161 HOUSE_BOT SELL 55 1000 1773375013693
ORDER_PLACED: a43fa6c9-2f1b-46af-a91d-3f54cc80e8d5
ORDER a43fa6c9-2f1b-46af-a91d-3f54cc80e8d5 HOUSE_BOT BUY 45 1000 1773446046279
ORDER_PLACED: 02710d5a-88c0-46ce-8a73-0d8770d33a91
ORDER 02710d5a-88c0-46ce-8a73-0d8770d33a91 HOUSE_BOT SELL 55 1000 1773446046289
ORDER_PLACED: e2cc12d4-c0e5-4b88-b071-54843f3d1666
ORDER e2cc12d4-c0e5-4b88-b071-54843f3d1666 HOUSE_BOT BUY 45 1000 1773446046290
ORDER_PLACED: ea4b0c3c-c6dc-40a5-a7c3-a0ef2301de4a
ORDER ea4b0c3c-c6dc-40a5-a7c3-a0ef2301de4a HOUSE_BOT SELL 55 1000 1773446046290
ORDER_PLACED: fb75021c-c3b5-450b-9f39-ec4a9ff955bf
ORDER fb75021c-c3b5-450b-9f39-ec4a9ff955bf user1 BUY 50 100 1773447837595
ORDER_PLACED: 827663bd-cb1f-45e2-b6da-44659f273f41
ORDER 827663bd-cb1f-45e2-b6da-44659f273f41 HOUSE_BOT BUY 45 1000 1773449813494
ORDER_PLACED: 3e3dfc01-f50f-4ff7-8f80-1596abb5bfcf
ORDER 3e3dfc01-f50f-4ff7-8f80-1596abb5bfcf HOUSE_BOT SELL 55 1000 1773449813498
ORDER_PLACED: 0f3374da-ffc3-46e1-b17f-9eaad1cdc685
ORDER 0f3374da-ffc3-46e1-b17f-9eaad1cdc685 HOUSE_BOT BUY 45 1000 1773449813499
ORDER_PLACED: 221e554c-f72a-48a9-9dcd-ec2b4c771062
ORDER 221e554c-f72a-48a9-9dcd-ec2b4c771062 HOUSE_BOT SELL 55 1000 1773449813500
ORDER_PLACED: 0272fc4b-7229-45d2-88af-e1c06c973d1c
ORDER 0272fc4b-7229-45d2-88af-e1c06c973d1c user2 BUY 50 1 1773449824103
ORDER_PLACED: f883741a-de4f-4e74-a80e-6d68adbeb368
ORDER f883741a-de4f-4e74-a80e-6d68adbeb368 HOUSE_BOT BUY 45 1000 1773450142938
ORDER_PLACED: 0616cc3d-4b80-4d82-92b7-2b9528748f69
ORDER 0616cc3d-4b80-4d82-92b7-2b9528748f69 HOUSE_BOT SELL 55 1000 1773450142947
ORDER_PLACED: f802ad37-c240-497d-bb58-f62831658f6f
ORDER f802ad37-c240-497d-bb58-f62831658f6f HOUSE_BOT BUY 45 1000 1773450142948
ORDER_PLACED: bcd3afbf-0b78-49ef-a936-426f968bf754
ORDER bcd3afbf-0b78-49ef-a936-426f968bf754 HOUSE_BOT SELL 55 1000 1773450142948
ORDER_PLACED: 39714bde-91ad-4268-9db3-5117c3fe8d43
ORDER 39714bde-91ad-4268-9db3-5117c3fe8d43 user1 BUY 50 100 1773450172685
ORDER_PLACED: 183aea8f-2c8e-48ba-9756-a8108e848e07
ORDER 183aea8f-2c8e-48ba-9756-a8108e848e07 user2 BUY 50 80 1773450194364
ORDER_PLACED: f0681a82-797e-46b6-830b-d690e721228f
ORDER f0681a82-797e-46b6-830b-d690e721228f user2 BUY 45 120 1773450284089
ORDER_PLACED: e17fe3e4-8508-4709-9907-c4ccce533be2
ORDER e17fe3e4-8508-4709-9907-c4ccce533be2 user1 BUY 45 30 1773450308921
ORDER_PLACED: 0dc82f5c-9690-4d51-96ea-877f37edc85c
ORDER 0dc82f5c-9690-4d51-96ea-877f37edc85c user3 BUY 60 200 1773450464874
TRADE 0dc82f5c-9690-4d51-96ea-877f37edc85c 0616cc3d-4b80-4d82-92b7-2b9528748f69 55 200 1773450464876
TRADE_SETTLED: 0dc82f5c-9690-4d51-96ea-877f37edc85c <-> 0616cc3d-4b80-4d82-92b7-2b9528748f69
ORDER_PLACED: 2bf699a2-d52a-41fe-ac57-3aedefc5fa01
ORDER 2bf699a2-d52a-41fe-ac57-3aedefc5fa01 HOUSE_BOT BUY 45 1000 1773451573645
ORDER_PLACED: 436cc878-9786-477f-aac9-126cc3dfda1e
ORDER 436cc878-9786-477f-aac9-126cc3dfda1e HOUSE_BOT SELL 55 1000 1773451573651
ORDER_PLACED: ed90bc84-b0d9-420a-9d5d-146e0b9491f6
ORDER ed90bc84-b0d9-420a-9d5d-146e0b9491f6 HOUSE_BOT BUY 45 1000 1773451573652
ORDER_PLACED: 02c97787-a960-4188-b0c5-dbad28a0578b
ORDER 02c97787-a960-4188-b0c5-dbad28a0578b HOUSE_BOT SELL 55 1000 1773451573653
ORDER_PLACED: 23a21667-2b6c-4e35-a242-54770e2ae86d
ORDER 23a21667-2b6c-4e35-a242-54770e2ae86d user1 BUY 50 100 1773451590998
ORDER_PLACED: 4be2bf12-d224-4356-a942-2095ac453d5e
ORDER 4be2bf12-d224-4356-a942-2095ac453d5e user2 BUY 50 80 1773451604762
ORDER_PLACED: 550b2ba3-9eb5-49a0-b0a0-2cded74988e7
ORDER 550b2ba3-9eb5-49a0-b0a0-2cded74988e7 user2 BUY 45 120 1773451653475
ORDER_PLACED: 4e9c1fda-d3f2-4e7b-96ab-487b77cb203a
ORDER 4e9c1fda-d3f2-4e7b-96ab-487b77cb203a user1 BUY 45 30 1773451663669
ORDER_PLACED: d9e5877e-037c-45b6-ac8b-69a0cc061b39
ORDER d9e5877e-037c-45b6-ac8b-69a0cc061b39 user1 BUY 55 100 1773451778355
ORDER_PLACED: 255bdcee-5909-47d9-afaa-83cf2648c408
ORDER 255bdcee-5909-47d9-afaa-83cf2648c408 user2 BUY 55 80 1773451797868
ORDER_PLACED: e4b68e97-25e9-427f-90b5-cea51a71c7ff
ORDER e4b68e97-25e9-427f-90b5-cea51a71c7ff user2 BUY 60 30 1773451809250
ORDER_PLACED: 5d1c33fa-dea3-4191-8469-4b14d47c2276
ORDER 5d1c33fa-dea3-4191-8469-4b14d47c2276 HOUSE_BOT BUY 45 1000 1773451960714
ORDER_PLACED: b10ffbad-42cc-4b4c-978a-c3bfc0ff6f01
ORDER b10ffbad-42cc-4b4c-978a-c3bfc0ff6f01 HOUSE_BOT SELL 55 1000 1773451960718
ORDER_PLACED: 34702f6a-4efd-4dc2-9eb0-01dc517b41cb
ORDER 34702f6a-4efd-4dc2-9eb0-01dc517b41cb HOUSE_BOT BUY 45 1000 1773451960718
ORDER_PLACED: 98ae9b53-7622-4aa0-a4ef-83a38831d0cb
ORDER 98ae9b53-7622-4aa0-a4ef-83a38831d0cb HOUSE_BOT SELL 55 1000 1773451960719
ORDER_PLACED: 65701f31-9c55-482b-aea3-7c3dbe595fb1
ORDER 65701f31-9c55-482b-aea3-7c3dbe595fb1 user1 BUY 55 100 1773451984936
TRADE 65701f31-9c55-482b-aea3-7c3dbe595fb1 b10ffbad-42cc-4b4c-978a-c3bfc0ff6f01 55 100 1773451984936
TRADE_SETTLED: 65701f31-9c55-482b-aea3-7c3dbe595fb1 <-> b10ffbad-42cc-4b4c-978a-c3bfc0ff6f01
ORDER_PLACED: c5d39e90-2524-4991-a876-908755a7a288
ORDER c5d39e90-2524-4991-a876-908755a7a288 user2 BUY 55 80 1773451996299
TRADE c5d39e90-2524-4991-a876-908755a7a288 98ae9b53-7622-4aa0-a4ef-83a38831d0cb 55 80 1773451996300
TRADE_SETTLED: c5d39e90-2524-4991-a876-908755a7a288 <-> 98ae9b53-7622-4aa0-a4ef-83a38831d0cb
ORDER_PLACED: b35aea3e-fa77-4166-b037-d88cc1b18ba4
ORDER b35aea3e-fa77-4166-b037-d88cc1b18ba4 user2 BUY 60 30 1773452009117
TRADE b35aea3e-fa77-4166-b037-d88cc1b18ba4 b10ffbad-42cc-4b4c-978a-c3bfc0ff6f01 55 30 1773452009118
TRADE_SETTLED: b35aea3e-fa77-4166-b037-d88cc1b18ba4 <-> b10ffbad-42cc-4b4c-978a-c3bfc0ff6f01
ORDER_PLACED: 7e1185a5-6b9a-4168-9fb7-d51576c9c7e9
ORDER 7e1185a5-6b9a-4168-9fb7-d51576c9c7e9 user1 SELL 60 30 1773452021992
