ORDER c78afcd8-aa27-4770-866b-840efa1dcad2 seller1 SELL 100 10 1772752218574
ORDER 8a44bcdf-4b7a-4bfb-b94c-792f629cd9f1 buyer1 BUY 105 4 1772752218582
TRADE 8a44bcdf-4b7a-4bfb-b94c-792f629cd9f1 c78afcd8-aa27-4770-866b-840efa1dcad2 100 4 1772752218582
ORDER 2c267f3a-4da6-4060-bb5b-de3fa97f6029 buyer2 BUY 100 6 1772752218583
TRADE 2c267f3a-4da6-4060-bb5b-de3fa97f6029 c78afcd8-aa27-4770-866b-840efa1dcad2 100 6 1772752218583
ORDER a692a971-2eae-4de6-b469-2bff7c12c7ec seller1 SELL 100 10
ORDER a692a971-2eae-4de6-b469-2bff7c12c7ec seller1 SELL 100 10 1772752218586
ORDER 9a4428f5-1e36-4bf6-a7e7-2b0900bb62e8 buyer1 BUY 105 4
ORDER 9a4428f5-1e36-4bf6-a7e7-2b0900bb62e8 buyer1 BUY 105 4 1772752218586
TRADE 9a4428f5-1e36-4bf6-a7e7-2b0900bb62e8 a692a971-2eae-4de6-b469-2bff7c12c7ec 100 4 1772752218586
TRADE 9a4428f5-1e36-4bf6-a7e7-2b0900bb62e8 a692a971-2eae-4de6-b469-2bff7c12c7ec 100 4
ORDER a8eaddb2-4f1f-4df0-a28b-c365b37c6911 buyer1 BUY 100 6
ORDER a8eaddb2-4f1f-4df0-a28b-c365b37c6911 buyer1 BUY 100 6 1772752218586
TRADE a8eaddb2-4f1f-4df0-a28b-c365b37c6911 a692a971-2eae-4de6-b469-2bff7c12c7ec 100 6 1772752218587
TRADE a8eaddb2-4f1f-4df0-a28b-c365b37c6911 a692a971-2eae-4de6-b469-2bff7c12c7ec 100 6
ORDER 5362fffb-146f-40b0-a9e1-fb84dd970ac7 seller1 SELL 100 10 1772760358808
ORDER 0211741a-8fa1-4a25-8b1d-1237a52f9211 buyer1 BUY 105 4 1772760358814
TRADE 0211741a-8fa1-4a25-8b1d-1237a52f9211 5362fffb-146f-40b0-a9e1-fb84dd970ac7 100 4 1772760358815
ORDER 898a8498-ad4e-434b-8abe-5f5d20ae3173 buyer2 BUY 100 6 1772760358816
TRADE 898a8498-ad4e-434b-8abe-5f5d20ae3173 5362fffb-146f-40b0-a9e1-fb84dd970ac7 100 6 1772760358816
REJECT 6b224bfc-c1e8-46d7-b0a3-ac0de2b49358 INSUFFICIENT_FUNDS
ORDER f9712aa9-acba-43aa-adda-cb5a7adf145d buyer1 BUY 105 4
ORDER f9712aa9-acba-43aa-adda-cb5a7adf145d buyer1 BUY 105 4 1772760358817
ORDER c2cd976b-335c-4592-a644-d0d07db87af1 buyer1 BUY 100 6
ORDER c2cd976b-335c-4592-a644-d0d07db87af1 buyer1 BUY 100 6 1772760358817
ORDER 37c7fb05-1c35-4f6c-9407-3e01713a1ea9 seller1 SELL 100 10 1772760473119
ORDER 05f435ca-b3b9-4288-a979-062eef0f5e06 buyer1 BUY 105 4 1772760473125
TRADE 05f435ca-b3b9-4288-a979-062eef0f5e06 37c7fb05-1c35-4f6c-9407-3e01713a1ea9 100 4 1772760473125
ORDER ce8d19be-00e6-4e0b-8056-2f468e5d540a buyer2 BUY 100 6 1772760473126
TRADE ce8d19be-00e6-4e0b-8056-2f468e5d540a 37c7fb05-1c35-4f6c-9407-3e01713a1ea9 100 6 1772760473126
REJECT debaf786-7218-4204-9bed-55e5d79c5e16 INSUFFICIENT_FUNDS
ORDER d5f67c56-67c3-4dac-967d-8b54cc41d1b6 buyer1 BUY 105 4
ORDER d5f67c56-67c3-4dac-967d-8b54cc41d1b6 buyer1 BUY 105 4 1772760473129
ORDER a204eca1-a5db-4d75-855f-64ca63a755db buyer1 BUY 100 6
ORDER a204eca1-a5db-4d75-855f-64ca63a755db buyer1 BUY 100 6 1772760473129
ORDER_PLACED: e72d00ac-eb7b-42ab-bf3b-f9e568c32ea4
ORDER e72d00ac-eb7b-42ab-bf3b-f9e568c32ea4 user-seller SELL 100 10 1772760703367
ORDER_PLACED: cbeb1b27-a8fa-45b2-9bd0-459cc73c3466
ORDER cbeb1b27-a8fa-45b2-9bd0-459cc73c3466 user1 BUY 100 10 1772760707390
TRADE cbeb1b27-a8fa-45b2-9bd0-459cc73c3466 e72d00ac-eb7b-42ab-bf3b-f9e568c32ea4 100 10 1772760707390
TRADE_SETTLED: cbeb1b27-a8fa-45b2-9bd0-459cc73c3466 <-> e72d00ac-eb7b-42ab-bf3b-f9e568c32ea4
ORDER_PLACED: e5bb5cfc-bb06-4a16-9af5-5e91f72c7a0c
ORDER e5bb5cfc-bb06-4a16-9af5-5e91f72c7a0c user-seller SELL 150 10 1772761274302
ORDER_PLACED: aa3558d9-7e18-41d7-b6e5-00e3e0c69788
ORDER aa3558d9-7e18-41d7-b6e5-00e3e0c69788 user1 BUY 151 10 1772761274334
TRADE aa3558d9-7e18-41d7-b6e5-00e3e0c69788 e5bb5cfc-bb06-4a16-9af5-5e91f72c7a0c 150 10 1772761274335
TRADE_SETTLED: aa3558d9-7e18-41d7-b6e5-00e3e0c69788 <-> e5bb5cfc-bb06-4a16-9af5-5e91f72c7a0c
ORDER_PLACED: 89a0af09-0b11-467d-ba14-c015ea52007c
ORDER 89a0af09-0b11-467d-ba14-c015ea52007c user-seller SELL 150 10 1772837899360
ORDER_PLACED: 14e62193-7644-460c-bc0e-e6f9f9eb8ff9
ORDER 14e62193-7644-460c-bc0e-e6f9f9eb8ff9 user1 BUY 151 10 1772837899385
TRADE 14e62193-7644-460c-bc0e-e6f9f9eb8ff9 89a0af09-0b11-467d-ba14-c015ea52007c 150 10 1772837899386
TRADE_SETTLED: 14e62193-7644-460c-bc0e-e6f9f9eb8ff9 <-> 89a0af09-0b11-467d-ba14-c015ea52007c
ORDER_PLACED: 97d36394-49f7-45b9-a7cf-e710043f703f
ORDER 97d36394-49f7-45b9-a7cf-e710043f703f bob SELL 150 10 1773797055019
ORDER_PLACED: 0f41d8b6-8742-41da-8abe-76bac27f2aa9
ORDER 0f41d8b6-8742-41da-8abe-76bac27f2aa9 alice BUY 150 5 1773797055101
TRADE 0f41d8b6-8742-41da-8abe-76bac27f2aa9 97d36394-49f7-45b9-a7cf-e710043f703f 150 5 1773797055102
TRADE_SETTLED: 0f41d8b6-8742-41da-8abe-76bac27f2aa9 <-> 97d36394-49f7-45b9-a7cf-e710043f703f
ORDER_PLACED: d71282c1-0933-47a8-8614-0e8d0af88394
ORDER d71282c1-0933-47a8-8614-0e8d0af88394 alice BUY 150 2 1773797106575
TRADE d71282c1-0933-47a8-8614-0e8d0af88394 97d36394-49f7-45b9-a7cf-e710043f703f 150 2 1773797106576
TRADE_SETTLED: d71282c1-0933-47a8-8614-0e8d0af88394 <-> 97d36394-49f7-45b9-a7cf-e710043f703f
ORDER_PLACED: 4d7ff9d0-e0b0-49ae-9f7e-aded16aedad8
ORDER 4d7ff9d0-e0b0-49ae-9f7e-aded16aedad8 trader1 BUY 1000 5 1774320783731
ORDER_PLACED: b13a3940-fdd4-490c-b5b9-b841e8e9d6c4
ORDER b13a3940-fdd4-490c-b5b9-b841e8e9d6c4 trader1 SELL 1000 3 1774320796796
TRADE 4d7ff9d0-e0b0-49ae-9f7e-aded16aedad8 b13a3940-fdd4-490c-b5b9-b841e8e9d6c4 1000 3 1774320796797
TRADE_SETTLED: 4d7ff9d0-e0b0-49ae-9f7e-aded16aedad8 <-> b13a3940-fdd4-490c-b5b9-b841e8e9d6c4
ORDER_PLACED: 6e06389d-6475-4745-a73a-c314bd31ee3a
ORDER 6e06389d-6475-4745-a73a-c314bd31ee3a trader1 BUY 1000 5 1774320912961
ORDER_PLACED: b4ce7134-1e9a-4d39-9bf4-e7df192dd595
ORDER b4ce7134-1e9a-4d39-9bf4-e7df192dd595 trader1 SELL 1000 3 1774320952453
TRADE 6e06389d-6475-4745-a73a-c314bd31ee3a b4ce7134-1e9a-4d39-9bf4-e7df192dd595 1000 3 1774320952455
TRADE_SETTLED: 6e06389d-6475-4745-a73a-c314bd31ee3a <-> b4ce7134-1e9a-4d39-9bf4-e7df192dd595
ORDER_PLACED: 441ea7c8-127e-484e-a7c7-b1b0c54943dc
ORDER 441ea7c8-127e-484e-a7c7-b1b0c54943dc HOUSE_BOT BUY 45 1000 1774401903298
ORDER_PLACED: d65a8f41-3c96-41a2-9e49-f6791142faf0
ORDER d65a8f41-3c96-41a2-9e49-f6791142faf0 HOUSE_BOT SELL 55 1000 1774401903374
ORDER_PLACED: 82f19b28-4d4d-4b81-a2dd-5159e1cee187
ORDER 82f19b28-4d4d-4b81-a2dd-5159e1cee187 HOUSE_BOT BUY 45 1000 1774401903374
ORDER_PLACED: 680e54fc-bead-40b8-9131-7d7ca365102d
ORDER 680e54fc-bead-40b8-9131-7d7ca365102d HOUSE_BOT SELL 55 1000 1774401903375
